<?xml version="1.0" encoding="UTF-8"?>
<!-- Generated by org.testng.reporters.JUnitXMLReporter -->
<testsuite ignored="5" hostname="AntoRoshan" failures="0" tests="1" name="Default test" time="20.472" errors="0" timestamp="2026-09-09T10:19:23 IST">
  <testcase classname="tests.LoginTest" name="Log_006_ValidLogout" time="16.036"/>
  <testcase classname="tests.LoginTest" name="Log_004_VerifyEmptyPassword" time="0.0">
    <ignored/>
  </testcase> <!-- Log_004_VerifyEmptyPassword -->
  <testcase classname="tests.LoginTest" name="Log_003_VerifyEmptyUsername" time="0.0">
    <ignored/>
  </testcase> <!-- Log_003_VerifyEmptyUsername -->
  <testcase classname="tests.LoginTest" name="Log_002_VerifyInvalidPassword" time="0.0">
    <ignored/>
  </testcase> <!-- Log_002_VerifyInvalidPassword -->
  <testcase classname="tests.LoginTest" name="Log_005_VerifyValidLogin" time="0.0">
    <ignored/>
  </testcase> <!-- Log_005_VerifyValidLogin -->
  <testcase classname="tests.LoginTest" name="Log_001_VerifyInvalidUsername" time="0.0">
    <ignored/>
  </testcase> <!-- Log_001_VerifyInvalidUsername -->
</testsuite> <!-- Default test -->
