<?xml version="1.0" encoding="UTF-8"?>
<!-- Generated by org.testng.reporters.JUnitXMLReporter -->
<testsuite ignored="4" hostname="DESKTOP-83ODN56" failures="0" tests="1" name="Default test" time="21.604" errors="0" timestamp="2026-08-18T17:33:24 IST">
  <testcase classname="tests.LoginTest" name="Log_005_VerifyValidLogin" time="16.827"/>
  <testcase classname="tests.LoginTest" name="Log_004_VerifyInvalidPassword" time="0.0">
    <ignored/>
  </testcase> <!-- Log_004_VerifyInvalidPassword -->
  <testcase classname="tests.LoginTest" name="Log_001_VerifyInvalidUsername" time="0.0">
    <ignored/>
  </testcase> <!-- Log_001_VerifyInvalidUsername -->
  <testcase classname="tests.LoginTest" name="Log_002_VerifyInvalidPassword" time="0.0">
    <ignored/>
  </testcase> <!-- Log_002_VerifyInvalidPassword -->
  <testcase classname="tests.LoginTest" name="Log_003_VerifyInvalidPassword" time="0.0">
    <ignored/>
  </testcase> <!-- Log_003_VerifyInvalidPassword -->
</testsuite> <!-- Default test -->
