<?xml version="1.0" encoding="UTF-8"?>
<!-- Generated by org.testng.reporters.JUnitReportReporter -->
<testsuite hostname="DESKTOP-83ODN56" failures="0" tests="5" name="tests.LoginTest" time="58.966" errors="0" timestamp="2026-08-20T16:17:59 IST" skipped="0">
  <testcase classname="tests.LoginTest" name="Log_001_VerifyInvalidUsername" time="9.105"/>
  <testcase classname="tests.LoginTest" name="Log_002_VerifyInvalidPassword" time="11.844"/>
  <testcase classname="tests.LoginTest" name="Log_003_VerifyInvalidPassword" time="15.465"/>
  <testcase classname="tests.LoginTest" name="Log_004_VerifyInvalidPassword" time="9.966"/>
  <testcase classname="tests.LoginTest" name="Log_005_VerifyValidLogin" time="12.586"/>
</testsuite> <!-- tests.LoginTest -->
