<?xml version="1.0" encoding="UTF-8"?>
<!-- Generated by org.testng.reporters.JUnitReportReporter -->
<testsuite hostname="AntoRoshan" failures="0" tests="6" name="tests.LoginTest" time="57.185" errors="0" timestamp="2026-09-09T12:13:01 IST" skipped="0">
  <testcase classname="tests.LoginTest" name="Log_001_VerifyInvalidUsername" time="8.673"/>
  <testcase classname="tests.LoginTest" name="Log_002_VerifyInvalidPassword" time="8.593"/>
  <testcase classname="tests.LoginTest" name="Log_003_VerifyEmptyUsername" time="4.290"/>
  <testcase classname="tests.LoginTest" name="Log_004_VerifyEmptyPassword" time="8.096"/>
  <testcase classname="tests.LoginTest" name="Log_005_VerifyValidLogin" time="11.351"/>
  <testcase classname="tests.LoginTest" name="Log_006_ValidLogout" time="16.182"/>
</testsuite> <!-- tests.LoginTest -->
