<?xml version="1.0" encoding="UTF-8"?>
<!-- Generated by org.testng.reporters.JUnitXMLReporter -->
<testsuite ignored="0" hostname="AntoRoshan" failures="0" tests="7" name="Test" time="74.64" errors="0" timestamp="2026-09-09T12:13:01 IST">
  <testcase classname="tests.LoginTest" name="Log_001_VerifyInvalidUsername" time="4.489"/>
  <testcase classname="tests.LoginTest" name="Log_002_VerifyInvalidPassword" time="4.595"/>
  <testcase classname="tests.LoginTest" name="Log_003_VerifyEmptyUsername" time="1.981"/>
  <testcase classname="tests.LoginTest" name="Log_004_VerifyEmptyPassword" time="5.883"/>
  <testcase classname="tests.LoginTest" name="Log_005_VerifyValidLogin" time="9.297"/>
  <testcase classname="tests.LoginTest" name="Log_006_ValidLogout" time="13.614"/>
  <testcase classname="tests.ProductSearchTest" name="Search_001_VerifySearchProduct" time="15.05"/>
</testsuite> <!-- Test -->
