<?xml version="1.0" encoding="UTF-8"?>
<testng-results ignored="0" total="5" passed="5" failed="0" skipped="0">
  <reporter-output>
  </reporter-output>
  <suite started-at="2026-08-20T16:16:59 IST" name="RegressionSuite" finished-at="2026-08-20T16:17:59 IST" duration-ms="59330">
    <groups>
    </groups>
    <test started-at="2026-08-20T16:16:59 IST" name="RegressionTests" finished-at="2026-08-20T16:17:59 IST" duration-ms="59330">
      <class name="tests.LoginTest">
        <test-method is-config="true" signature="setUp()[pri:0, instance:tests.LoginTest@3c46e67a]" started-at="2026-08-20T16:16:59 IST" name="setUp" finished-at="2026-08-20T16:17:06 IST" duration-ms="6849" status="PASS">
          <reporter-output>
          </reporter-output>
        </test-method> <!-- setUp -->
        <test-method signature="Log_001_VerifyInvalidUsername()[pri:1, instance:tests.LoginTest@3c46e67a]" started-at="2026-08-20T16:17:06 IST" name="Log_001_VerifyInvalidUsername" finished-at="2026-08-20T16:17:12 IST" duration-ms="5927" status="PASS">
          <reporter-output>
          </reporter-output>
        </test-method> <!-- Log_001_VerifyInvalidUsername -->
        <test-method is-config="true" signature="tearDown()[pri:0, instance:tests.LoginTest@3c46e67a]" started-at="2026-08-20T16:17:12 IST" name="tearDown" finished-at="2026-08-20T16:17:13 IST" duration-ms="496" status="PASS">
          <reporter-output>
          </reporter-output>
        </test-method> <!-- tearDown -->
        <test-method is-config="true" signature="setUp()[pri:0, instance:tests.LoginTest@3c46e67a]" started-at="2026-08-20T16:17:13 IST" name="setUp" finished-at="2026-08-20T16:17:15 IST" duration-ms="2384" status="PASS">
          <reporter-output>
          </reporter-output>
        </test-method> <!-- setUp -->
        <test-method signature="Log_002_VerifyInvalidPassword()[pri:2, instance:tests.LoginTest@3c46e67a]" started-at="2026-08-20T16:17:15 IST" name="Log_002_VerifyInvalidPassword" finished-at="2026-08-20T16:17:24 IST" duration-ms="8964" status="PASS">
          <reporter-output>
          </reporter-output>
        </test-method> <!-- Log_002_VerifyInvalidPassword -->
        <test-method is-config="true" signature="tearDown()[pri:0, instance:tests.LoginTest@3c46e67a]" started-at="2026-08-20T16:17:24 IST" name="tearDown" finished-at="2026-08-20T16:17:25 IST" duration-ms="722" status="PASS">
          <reporter-output>
          </reporter-output>
        </test-method> <!-- tearDown -->
        <test-method is-config="true" signature="setUp()[pri:0, instance:tests.LoginTest@3c46e67a]" started-at="2026-08-20T16:17:25 IST" name="setUp" finished-at="2026-08-20T16:17:27 IST" duration-ms="2446" status="PASS">
          <reporter-output>
          </reporter-output>
        </test-method> <!-- setUp -->
        <test-method signature="Log_003_VerifyInvalidPassword()[pri:3, instance:tests.LoginTest@3c46e67a]" started-at="2026-08-20T16:17:27 IST" name="Log_003_VerifyInvalidPassword" finished-at="2026-08-20T16:17:35 IST" duration-ms="8091" status="PASS">
          <reporter-output>
          </reporter-output>
        </test-method> <!-- Log_003_VerifyInvalidPassword -->
        <test-method is-config="true" signature="tearDown()[pri:0, instance:tests.LoginTest@3c46e67a]" started-at="2026-08-20T16:17:35 IST" name="tearDown" finished-at="2026-08-20T16:17:36 IST" duration-ms="525" status="PASS">
          <reporter-output>
          </reporter-output>
        </test-method> <!-- tearDown -->
        <test-method is-config="true" signature="setUp()[pri:0, instance:tests.LoginTest@3c46e67a]" started-at="2026-08-20T16:17:36 IST" name="setUp" finished-at="2026-08-20T16:17:38 IST" duration-ms="2295" status="PASS">
          <reporter-output>
          </reporter-output>
        </test-method> <!-- setUp -->
        <test-method signature="Log_004_VerifyInvalidPassword()[pri:4, instance:tests.LoginTest@3c46e67a]" started-at="2026-08-20T16:17:38 IST" name="Log_004_VerifyInvalidPassword" finished-at="2026-08-20T16:17:45 IST" duration-ms="6949" status="PASS">
          <reporter-output>
          </reporter-output>
        </test-method> <!-- Log_004_VerifyInvalidPassword -->
        <test-method is-config="true" signature="tearDown()[pri:0, instance:tests.LoginTest@3c46e67a]" started-at="2026-08-20T16:17:45 IST" name="tearDown" finished-at="2026-08-20T16:17:46 IST" duration-ms="732" status="PASS">
          <reporter-output>
          </reporter-output>
        </test-method> <!-- tearDown -->
        <test-method is-config="true" signature="setUp()[pri:0, instance:tests.LoginTest@3c46e67a]" started-at="2026-08-20T16:17:46 IST" name="setUp" finished-at="2026-08-20T16:17:48 IST" duration-ms="2390" status="PASS">
          <reporter-output>
          </reporter-output>
        </test-method> <!-- setUp -->
        <test-method signature="Log_005_VerifyValidLogin()[pri:5, instance:tests.LoginTest@3c46e67a]" started-at="2026-08-20T16:17:48 IST" name="Log_005_VerifyValidLogin" finished-at="2026-08-20T16:17:58 IST" duration-ms="9638" status="PASS">
          <reporter-output>
          </reporter-output>
        </test-method> <!-- Log_005_VerifyValidLogin -->
        <test-method is-config="true" signature="tearDown()[pri:0, instance:tests.LoginTest@3c46e67a]" started-at="2026-08-20T16:17:58 IST" name="tearDown" finished-at="2026-08-20T16:17:59 IST" duration-ms="558" status="PASS">
          <reporter-output>
          </reporter-output>
        </test-method> <!-- tearDown -->
      </class> <!-- tests.LoginTest -->
    </test> <!-- RegressionTests -->
  </suite> <!-- RegressionSuite -->
</testng-results>
