<?xml version="1.0" encoding="UTF-8"?>
<testng-results ignored="0" total="7" passed="7" failed="0" skipped="0">
  <reporter-output>
  </reporter-output>
  <suite started-at="2026-09-09T12:11:46 IST" name="Suite" finished-at="2026-09-09T12:13:01 IST" duration-ms="74640">
    <groups>
    </groups>
    <test started-at="2026-09-09T12:11:46 IST" name="Test" finished-at="2026-09-09T12:13:01 IST" duration-ms="74640">
      <class name="tests.LoginTest">
        <test-method is-config="true" signature="setUp()[pri:0, instance:tests.LoginTest@6025e1b6]" started-at="2026-09-09T12:11:46 IST" name="setUp" finished-at="2026-09-09T12:11:48 IST" duration-ms="2327" status="PASS">
          <reporter-output>
          </reporter-output>
        </test-method> <!-- setUp -->
        <test-method signature="Log_001_VerifyInvalidUsername()[pri:1, instance:tests.LoginTest@6025e1b6]" started-at="2026-09-09T12:11:48 IST" name="Log_001_VerifyInvalidUsername" finished-at="2026-09-09T12:11:53 IST" duration-ms="4489" status="PASS">
          <reporter-output>
          </reporter-output>
        </test-method> <!-- Log_001_VerifyInvalidUsername -->
        <test-method is-config="true" signature="tearDown()[pri:0, instance:tests.LoginTest@6025e1b6]" started-at="2026-09-09T12:11:53 IST" name="tearDown" finished-at="2026-09-09T12:11:53 IST" duration-ms="241" status="PASS">
          <reporter-output>
          </reporter-output>
        </test-method> <!-- tearDown -->
        <test-method is-config="true" signature="setUp()[pri:0, instance:tests.LoginTest@6025e1b6]" started-at="2026-09-09T12:11:53 IST" name="setUp" finished-at="2026-09-09T12:11:57 IST" duration-ms="3929" status="PASS">
          <reporter-output>
          </reporter-output>
        </test-method> <!-- setUp -->
        <test-method signature="Log_002_VerifyInvalidPassword()[pri:2, instance:tests.LoginTest@6025e1b6]" started-at="2026-09-09T12:11:57 IST" name="Log_002_VerifyInvalidPassword" finished-at="2026-09-09T12:12:02 IST" duration-ms="4595" status="PASS">
          <reporter-output>
          </reporter-output>
        </test-method> <!-- Log_002_VerifyInvalidPassword -->
        <test-method is-config="true" signature="tearDown()[pri:0, instance:tests.LoginTest@6025e1b6]" started-at="2026-09-09T12:12:02 IST" name="tearDown" finished-at="2026-09-09T12:12:02 IST" duration-ms="199" status="PASS">
          <reporter-output>
          </reporter-output>
        </test-method> <!-- tearDown -->
        <test-method is-config="true" signature="setUp()[pri:0, instance:tests.LoginTest@6025e1b6]" started-at="2026-09-09T12:12:02 IST" name="setUp" finished-at="2026-09-09T12:12:06 IST" duration-ms="3786" status="PASS">
          <reporter-output>
          </reporter-output>
        </test-method> <!-- setUp -->
        <test-method signature="Log_003_VerifyEmptyUsername()[pri:3, instance:tests.LoginTest@6025e1b6]" started-at="2026-09-09T12:12:06 IST" name="Log_003_VerifyEmptyUsername" finished-at="2026-09-09T12:12:08 IST" duration-ms="1981" status="PASS">
          <reporter-output>
          </reporter-output>
        </test-method> <!-- Log_003_VerifyEmptyUsername -->
        <test-method is-config="true" signature="tearDown()[pri:0, instance:tests.LoginTest@6025e1b6]" started-at="2026-09-09T12:12:08 IST" name="tearDown" finished-at="2026-09-09T12:12:08 IST" duration-ms="219" status="PASS">
          <reporter-output>
          </reporter-output>
        </test-method> <!-- tearDown -->
        <test-method is-config="true" signature="setUp()[pri:0, instance:tests.LoginTest@6025e1b6]" started-at="2026-09-09T12:12:08 IST" name="setUp" finished-at="2026-09-09T12:12:10 IST" duration-ms="2018" status="PASS">
          <reporter-output>
          </reporter-output>
        </test-method> <!-- setUp -->
        <test-method signature="Log_004_VerifyEmptyPassword()[pri:4, instance:tests.LoginTest@6025e1b6]" started-at="2026-09-09T12:12:10 IST" name="Log_004_VerifyEmptyPassword" finished-at="2026-09-09T12:12:16 IST" duration-ms="5883" status="PASS">
          <reporter-output>
          </reporter-output>
        </test-method> <!-- Log_004_VerifyEmptyPassword -->
        <test-method is-config="true" signature="tearDown()[pri:0, instance:tests.LoginTest@6025e1b6]" started-at="2026-09-09T12:12:16 IST" name="tearDown" finished-at="2026-09-09T12:12:16 IST" duration-ms="212" status="PASS">
          <reporter-output>
          </reporter-output>
        </test-method> <!-- tearDown -->
        <test-method is-config="true" signature="setUp()[pri:0, instance:tests.LoginTest@6025e1b6]" started-at="2026-09-09T12:12:16 IST" name="setUp" finished-at="2026-09-09T12:12:18 IST" duration-ms="1855" status="PASS">
          <reporter-output>
          </reporter-output>
        </test-method> <!-- setUp -->
        <test-method signature="Log_005_VerifyValidLogin()[pri:5, instance:tests.LoginTest@6025e1b6]" started-at="2026-09-09T12:12:18 IST" name="Log_005_VerifyValidLogin" finished-at="2026-09-09T12:12:27 IST" duration-ms="9297" status="PASS">
          <reporter-output>
          </reporter-output>
        </test-method> <!-- Log_005_VerifyValidLogin -->
        <test-method is-config="true" signature="tearDown()[pri:0, instance:tests.LoginTest@6025e1b6]" started-at="2026-09-09T12:12:27 IST" name="tearDown" finished-at="2026-09-09T12:12:27 IST" duration-ms="291" status="PASS">
          <reporter-output>
          </reporter-output>
        </test-method> <!-- tearDown -->
        <test-method is-config="true" signature="setUp()[pri:0, instance:tests.LoginTest@6025e1b6]" started-at="2026-09-09T12:12:27 IST" name="setUp" finished-at="2026-09-09T12:12:29 IST" duration-ms="1994" status="PASS">
          <reporter-output>
          </reporter-output>
        </test-method> <!-- setUp -->
        <test-method signature="Log_006_ValidLogout()[pri:6, instance:tests.LoginTest@6025e1b6]" started-at="2026-09-09T12:12:29 IST" name="Log_006_ValidLogout" finished-at="2026-09-09T12:12:43 IST" duration-ms="13614" status="PASS">
          <reporter-output>
          </reporter-output>
        </test-method> <!-- Log_006_ValidLogout -->
        <test-method is-config="true" signature="tearDown()[pri:0, instance:tests.LoginTest@6025e1b6]" started-at="2026-09-09T12:12:43 IST" name="tearDown" finished-at="2026-09-09T12:12:43 IST" duration-ms="255" status="PASS">
          <reporter-output>
          </reporter-output>
        </test-method> <!-- tearDown -->
      </class> <!-- tests.LoginTest -->
      <class name="tests.ProductSearchTest">
        <test-method is-config="true" signature="setUp()[pri:0, instance:tests.ProductSearchTest@55fe41ea]" started-at="2026-09-09T12:12:43 IST" name="setUp" finished-at="2026-09-09T12:12:45 IST" duration-ms="1966" status="PASS">
          <reporter-output>
          </reporter-output>
        </test-method> <!-- setUp -->
        <test-method signature="Search_001_VerifySearchProduct()[pri:1, instance:tests.ProductSearchTest@55fe41ea]" started-at="2026-09-09T12:12:45 IST" name="Search_001_VerifySearchProduct" finished-at="2026-09-09T12:13:00 IST" duration-ms="15050" status="PASS">
          <reporter-output>
          </reporter-output>
        </test-method> <!-- Search_001_VerifySearchProduct -->
        <test-method is-config="true" signature="tearDown()[pri:0, instance:tests.ProductSearchTest@55fe41ea]" started-at="2026-09-09T12:13:00 IST" name="tearDown" finished-at="2026-09-09T12:13:01 IST" duration-ms="227" status="PASS">
          <reporter-output>
          </reporter-output>
        </test-method> <!-- tearDown -->
      </class> <!-- tests.ProductSearchTest -->
    </test> <!-- Test -->
  </suite> <!-- Suite -->
</testng-results>
