<?xml version="1.0" encoding="UTF-8"?>
<!-- Generated by org.testng.reporters.JUnitXMLReporter -->
<testsuite ignored="0" hostname="DESKTOP-83ODN56" failures="1" tests="1" name="RegressionTests" time="65.816" errors="0" timestamp="2026-08-27T19:35:32 IST">
  <testcase classname="tests.ProductSearchTest" name="Search_001_VerifySearchProduct" time="35.874">
    <failure type="java.lang.AssertionError" message="expected [true] but found [false]">
      <![CDATA[java.lang.AssertionError: expected [true] but found [false]
at pages.ProductSearchPage.verifySearchResultsDisplayed(ProductSearchPage.java:49)
at tests.ProductSearchTest.Search_001_VerifySearchProduct(ProductSearchTest.java:29)
at java.base/java.util.ArrayList.forEach(ArrayList.java:1596)
... Removed 32 stack frames]]>
    </failure>
  </testcase> <!-- Search_001_VerifySearchProduct -->
</testsuite> <!-- RegressionTests -->
