<?xml version="1.0" encoding="UTF-8"?>
<!-- Generated by org.testng.reporters.JUnitXMLReporter -->
<testsuite ignored="0" hostname="DESKTOP-83ODN56" failures="0" tests="5" name="RegressionTests" time="59.33" errors="0" timestamp="2026-08-20T16:17:59 IST">
  <testcase classname="tests.LoginTest" name="Log_001_VerifyInvalidUsername" time="5.927"/>
  <testcase classname="tests.LoginTest" name="Log_002_VerifyInvalidPassword" time="8.964"/>
  <testcase classname="tests.LoginTest" name="Log_003_VerifyInvalidPassword" time="8.091"/>
  <testcase classname="tests.LoginTest" name="Log_004_VerifyInvalidPassword" time="6.949"/>
  <testcase classname="tests.LoginTest" name="Log_005_VerifyValidLogin" time="9.638"/>
</testsuite> <!-- RegressionTests -->
